0 verbose cli C:\Program Files\nodejs\node.exe C:\Users\kajal\AppData\Roaming\npm\node_modules\npm\bin\npm-cli.js
1 info using npm@10.8.3
2 info using node@v22.11.0
3 silly config load:file:C:\Users\kajal\AppData\Roaming\npm\node_modules\npm\npmrc
4 silly config load:file:E:\Zaalima intenship project\Project1-GigConnect\backend\.npmrc
5 silly config load:file:C:\Users\kajal\.npmrc
6 silly config load:file:C:\Users\kajal\AppData\Roaming\npm\etc\npmrc
7 verbose title npm i razorpay
8 verbose argv "i" "razorpay"
9 verbose logfile logs-max:10 dir:E:\Zaalima intenship project\Project1-GigConnect\backend\path\to\another\directory\.npm-cache\_logs\2025-11-07T12_05_37_574Z-
10 verbose logfile E:\Zaalima intenship project\Project1-GigConnect\backend\path\to\another\directory\.npm-cache\_logs\2025-11-07T12_05_37_574Z-debug-0.log
11 silly packumentCache heap:2197815296 maxSize:549453824 maxEntrySize:274726912
12 silly logfile start cleaning logs, removing 1 files
13 silly logfile done cleaning log files
14 silly idealTree buildDeps
15 silly fetch manifest razorpay@*
16 silly packumentCache full:https://registry.npmjs.org/razorpay cache-miss
17 http fetch GET 200 https://registry.npmjs.org/razorpay 166ms (cache miss)
18 silly packumentCache full:https://registry.npmjs.org/razorpay set size:undefined disposed:false
19 silly placeDep ROOT razorpay@2.9.6 OK for: backend@1.0.0 want: *
20 silly fetch manifest axios@^1.6.8
21 silly packumentCache full:https://registry.npmjs.org/axios cache-miss
22 http fetch GET 200 https://registry.npmjs.org/axios 55ms (cache miss)
23 silly packumentCache full:https://registry.npmjs.org/axios set size:undefined disposed:false
24 silly placeDep ROOT axios@1.13.2 OK for: razorpay@2.9.6 want: ^1.6.8
25 silly fetch manifest follow-redirects@^1.15.6
26 silly packumentCache full:https://registry.npmjs.org/follow-redirects cache-miss
27 silly fetch manifest form-data@^4.0.4
28 silly packumentCache full:https://registry.npmjs.org/form-data cache-miss
29 silly fetch manifest proxy-from-env@^1.1.0
30 silly packumentCache full:https://registry.npmjs.org/proxy-from-env cache-miss
31 http fetch GET 200 https://registry.npmjs.org/follow-redirects 54ms (cache miss)
32 silly packumentCache full:https://registry.npmjs.org/follow-redirects set size:undefined disposed:false
33 http fetch GET 200 https://registry.npmjs.org/form-data 70ms (cache miss)
34 silly packumentCache full:https://registry.npmjs.org/form-data set size:undefined disposed:false
35 http fetch GET 200 https://registry.npmjs.org/proxy-from-env 75ms (cache miss)
36 silly packumentCache full:https://registry.npmjs.org/proxy-from-env set size:undefined disposed:false
37 silly placeDep ROOT follow-redirects@1.15.11 OK for: axios@1.13.2 want: ^1.15.6
38 silly placeDep ROOT form-data@4.0.4 OK for: axios@1.13.2 want: ^4.0.4
39 silly placeDep ROOT proxy-from-env@1.1.0 OK for: axios@1.13.2 want: ^1.1.0
40 silly fetch manifest asynckit@^0.4.0
41 silly packumentCache full:https://registry.npmjs.org/asynckit cache-miss
42 silly fetch manifest mime-types@^2.1.12
43 silly packumentCache full:https://registry.npmjs.org/mime-types cache-miss
44 silly fetch manifest combined-stream@^1.0.8
45 silly packumentCache full:https://registry.npmjs.org/combined-stream cache-miss
46 silly fetch manifest es-set-tostringtag@^2.1.0
47 silly packumentCache full:https://registry.npmjs.org/es-set-tostringtag cache-miss
48 http fetch GET 200 https://registry.npmjs.org/asynckit 38ms (cache miss)
49 silly packumentCache full:https://registry.npmjs.org/asynckit set size:undefined disposed:false
50 http fetch GET 200 https://registry.npmjs.org/combined-stream 40ms (cache miss)
51 silly packumentCache full:https://registry.npmjs.org/combined-stream set size:undefined disposed:false
52 http fetch GET 200 https://registry.npmjs.org/es-set-tostringtag 42ms (cache miss)
53 silly packumentCache full:https://registry.npmjs.org/es-set-tostringtag set size:undefined disposed:false
54 http fetch GET 200 https://registry.npmjs.org/mime-types 78ms (cache revalidated)
55 silly packumentCache full:https://registry.npmjs.org/mime-types set size:136716 disposed:false
56 silly placeDep ROOT asynckit@0.4.0 OK for: form-data@4.0.4 want: ^0.4.0
57 silly placeDep ROOT combined-stream@1.0.8 OK for: form-data@4.0.4 want: ^1.0.8
58 silly placeDep ROOT es-set-tostringtag@2.1.0 OK for: form-data@4.0.4 want: ^2.1.0
59 silly placeDep node_modules/form-data mime-types@2.1.35 OK for: form-data@4.0.4 want: ^2.1.12
60 silly fetch manifest delayed-stream@~1.0.0
61 silly packumentCache full:https://registry.npmjs.org/delayed-stream cache-miss
62 silly fetch manifest has-tostringtag@^1.0.2
63 silly packumentCache full:https://registry.npmjs.org/has-tostringtag cache-miss
64 silly fetch manifest mime-db@1.52.0
65 silly packumentCache full:https://registry.npmjs.org/mime-db cache-miss
66 http fetch GET 200 https://registry.npmjs.org/has-tostringtag 30ms (cache miss)
67 silly packumentCache full:https://registry.npmjs.org/has-tostringtag set size:undefined disposed:false
68 http fetch GET 200 https://registry.npmjs.org/delayed-stream 31ms (cache miss)
69 silly packumentCache full:https://registry.npmjs.org/delayed-stream set size:undefined disposed:false
70 http fetch GET 200 https://registry.npmjs.org/mime-db 35ms (cache revalidated)
71 silly packumentCache full:https://registry.npmjs.org/mime-db set size:164953 disposed:false
72 silly placeDep ROOT delayed-stream@1.0.0 OK for: combined-stream@1.0.8 want: ~1.0.0
73 silly placeDep ROOT has-tostringtag@1.0.2 OK for: es-set-tostringtag@2.1.0 want: ^1.0.2
74 silly placeDep node_modules/form-data mime-db@1.52.0 OK for: mime-types@2.1.35 want: 1.52.0
75 silly reify moves {}
76 silly audit bulk request {
76 silly audit   '@mongodb-js/saslprep': [ '1.3.1' ],
76 silly audit   '@socket.io/component-emitter': [ '3.1.2' ],
76 silly audit   '@types/cors': [ '2.8.19' ],
76 silly audit   '@types/node': [ '24.7.2' ],
76 silly audit   '@types/webidl-conversions': [ '7.0.3' ],
76 silly audit   '@types/whatwg-url': [ '11.0.5' ],
76 silly audit   accepts: [ '2.0.0', '1.3.8' ],
76 silly audit   anymatch: [ '3.1.3' ],
76 silly audit   'append-field': [ '1.0.0' ],
76 silly audit   'balanced-match': [ '1.0.2' ],
76 silly audit   base64id: [ '2.0.0' ],
76 silly audit   bcryptjs: [ '3.0.2' ],
76 silly audit   'binary-extensions': [ '2.3.0' ],
76 silly audit   'body-parser': [ '2.2.0' ],
76 silly audit   'brace-expansion': [ '1.1.12' ],
76 silly audit   braces: [ '3.0.3' ],
76 silly audit   bson: [ '6.10.4' ],
76 silly audit   'buffer-equal-constant-time': [ '1.0.1' ],
76 silly audit   'buffer-from': [ '1.1.2' ],
76 silly audit   busboy: [ '1.6.0' ],
76 silly audit   bytes: [ '3.1.2' ],
76 silly audit   'call-bind-apply-helpers': [ '1.0.2' ],
76 silly audit   'call-bound': [ '1.0.4' ],
76 silly audit   chokidar: [ '3.6.0' ],
76 silly audit   'concat-map': [ '0.0.1' ],
76 silly audit   'concat-stream': [ '2.0.0' ],
76 silly audit   'content-disposition': [ '1.0.0' ],
76 silly audit   'content-type': [ '1.0.5' ],
76 silly audit   cookie: [ '0.7.2' ],
76 silly audit   'cookie-parser': [ '1.4.7' ],
76 silly audit   'cookie-signature': [ '1.0.6', '1.2.2' ],
76 silly audit   cors: [ '2.8.5' ],
76 silly audit   debug: [ '4.4.3', '4.3.7' ],
76 silly audit   depd: [ '2.0.0' ],
76 silly audit   dotenv: [ '17.2.3' ],
76 silly audit   'dunder-proto': [ '1.0.1' ],
76 silly audit   'ecdsa-sig-formatter': [ '1.0.11' ],
76 silly audit   'ee-first': [ '1.1.1' ],
76 silly audit   encodeurl: [ '2.0.0' ],
76 silly audit   'engine.io': [ '6.6.4' ],
76 silly audit   'engine.io-parser': [ '5.2.3' ],
76 silly audit   'mime-db': [ '1.52.0', '1.54.0' ],
76 silly audit   'mime-types': [ '2.1.35', '3.0.1' ],
76 silly audit   negotiator: [ '0.6.3', '1.0.0' ],
76 silly audit   'es-define-property': [ '1.0.1' ],
76 silly audit   'es-errors': [ '1.3.0' ],
76 silly audit   'es-object-atoms': [ '1.1.1' ],
76 silly audit   'escape-html': [ '1.0.3' ],
76 silly audit   etag: [ '1.8.1' ],
76 silly audit   express: [ '5.1.0' ],
76 silly audit   'fill-range': [ '7.1.1' ],
76 silly audit   finalhandler: [ '2.1.0' ],
76 silly audit   forwarded: [ '0.2.0' ],
76 silly audit   fresh: [ '2.0.0' ],
76 silly audit   fsevents: [ '2.3.3' ],
76 silly audit   'function-bind': [ '1.1.2' ],
76 silly audit   'get-intrinsic': [ '1.3.0' ],
76 silly audit   'get-proto': [ '1.0.1' ],
76 silly audit   'glob-parent': [ '5.1.2' ],
76 silly audit   gopd: [ '1.2.0' ],
76 silly audit   'has-flag': [ '3.0.0' ],
76 silly audit   'has-symbols': [ '1.1.0' ],
76 silly audit   hasown: [ '2.0.2' ],
76 silly audit   'http-errors': [ '2.0.0' ],
76 silly audit   statuses: [ '2.0.1', '2.0.2' ],
76 silly audit   'iconv-lite': [ '0.6.3', '0.7.0' ],
76 silly audit   'ignore-by-default': [ '1.0.1' ],
76 silly audit   inherits: [ '2.0.4' ],
76 silly audit   'ipaddr.js': [ '1.9.1' ],
76 silly audit   'is-binary-path': [ '2.1.0' ],
76 silly audit   'is-extglob': [ '2.1.1' ],
76 silly audit   'is-glob': [ '4.0.3' ],
76 silly audit   'is-number': [ '7.0.0' ],
76 silly audit   'is-promise': [ '4.0.0' ],
76 silly audit   jsonwebtoken: [ '9.0.2' ],
76 silly audit   jwa: [ '1.4.2' ],
76 silly audit   jws: [ '3.2.2' ],
76 silly audit   kareem: [ '2.6.3' ],
76 silly audit   'lodash.includes': [ '4.3.0' ],
76 silly audit   'lodash.isboolean': [ '3.0.3' ],
76 silly audit   'lodash.isinteger': [ '4.0.4' ],
76 silly audit   'lodash.isnumber': [ '3.0.3' ],
76 silly audit   'lodash.isplainobject': [ '4.0.6' ],
76 silly audit   'lodash.isstring': [ '4.0.1' ],
76 silly audit   'lodash.once': [ '4.1.1' ],
76 silly audit   'math-intrinsics': [ '1.1.0' ],
76 silly audit   'media-typer': [ '1.1.0', '0.3.0' ],
76 silly audit   'memory-pager': [ '1.5.0' ],
76 silly audit   'merge-descriptors': [ '2.0.0' ],
76 silly audit   minimatch: [ '3.1.2' ],
76 silly audit   minimist: [ '1.2.8' ],
76 silly audit   mkdirp: [ '0.5.6' ],
76 silly audit   mongodb: [ '6.20.0' ],
76 silly audit   'mongodb-connection-string-url': [ '3.0.2' ],
76 silly audit   mongoose: [ '8.19.1' ],
76 silly audit   mpath: [ '0.9.0' ],
76 silly audit   mquery: [ '5.0.0' ],
76 silly audit   ms: [ '2.1.3' ],
76 silly audit   multer: [ '2.0.2' ],
76 silly audit   'type-is': [ '1.6.18', '2.0.1' ],
76 silly audit   nodemon: [ '3.1.10' ],
76 silly audit   'normalize-path': [ '3.0.0' ],
76 silly audit   'object-assign': [ '4.1.1' ],
76 silly audit   'object-inspect': [ '1.13.4' ],
76 silly audit   'on-finished': [ '2.4.1' ],
76 silly audit   once: [ '1.4.0' ],
76 silly audit   parseurl: [ '1.3.3' ],
76 silly audit   'path-to-regexp': [ '8.3.0' ],
76 silly audit   picomatch: [ '2.3.1' ],
76 silly audit   'proxy-addr': [ '2.0.7' ],
76 silly audit   'pstree.remy': [ '1.1.8' ],
76 silly audit   punycode: [ '2.3.1' ],
76 silly audit   qs: [ '6.14.0' ],
76 silly audit   'range-parser': [ '1.2.1' ],
76 silly audit   'raw-body': [ '3.0.1' ],
76 silly audit   'readable-stream': [ '3.6.2' ],
76 silly audit   readdirp: [ '3.6.0' ],
76 silly audit   router: [ '2.2.0' ],
76 silly audit   'safe-buffer': [ '5.2.1' ],
76 silly audit   'safer-buffer': [ '2.1.2' ],
76 silly audit   semver: [ '7.7.3' ],
76 silly audit   send: [ '1.2.0' ],
76 silly audit   'serve-static': [ '2.2.0' ],
76 silly audit   setprototypeof: [ '1.2.0' ],
76 silly audit   'side-channel': [ '1.1.0' ],
76 silly audit   'side-channel-list': [ '1.0.0' ],
76 silly audit   'side-channel-map': [ '1.0.1' ],
76 silly audit   'side-channel-weakmap': [ '1.0.2' ],
76 silly audit   sift: [ '17.1.3' ],
76 silly audit   'simple-update-notifier': [ '2.0.0' ],
76 silly audit   'socket.io': [ '4.8.1' ],
76 silly audit   'socket.io-adapter': [ '2.5.5' ],
76 silly audit   'socket.io-parser': [ '4.2.4' ],
76 silly audit   'sparse-bitfield': [ '3.0.3' ],
76 silly audit   streamsearch: [ '1.1.0' ],
76 silly audit   string_decoder: [ '1.3.0' ],
76 silly audit   'supports-color': [ '5.5.0' ],
76 silly audit   'to-regex-range': [ '5.0.1' ],
76 silly audit   toidentifier: [ '1.0.1' ],
76 silly audit   touch: [ '3.1.1' ],
76 silly audit   tr46: [ '5.1.1' ],
76 silly audit   typedarray: [ '0.0.6' ],
76 silly audit   undefsafe: [ '2.0.5' ],
76 silly audit   'undici-types': [ '7.14.0' ],
76 silly audit   unpipe: [ '1.0.0' ],
76 silly audit   'util-deprecate': [ '1.0.2' ],
76 silly audit   vary: [ '1.1.2' ],
76 silly audit   'webidl-conversions': [ '7.0.0' ],
76 silly audit   'whatwg-url': [ '14.2.0' ],
76 silly audit   wrappy: [ '1.0.2' ],
76 silly audit   ws: [ '8.17.1' ],
76 silly audit   xtend: [ '4.0.2' ],
76 silly audit   razorpay: [ '2.9.6' ],
76 silly audit   axios: [ '1.13.2' ],
76 silly audit   'follow-redirects': [ '1.15.11' ],
76 silly audit   'form-data': [ '4.0.4' ],
76 silly audit   'proxy-from-env': [ '1.1.0' ],
76 silly audit   asynckit: [ '0.4.0' ],
76 silly audit   'combined-stream': [ '1.0.8' ],
76 silly audit   'es-set-tostringtag': [ '2.1.0' ],
76 silly audit   'delayed-stream': [ '1.0.0' ],
76 silly audit   'has-tostringtag': [ '1.0.2' ]
76 silly audit }
77 verbose reify failed optional dependency E:\Zaalima intenship project\Project1-GigConnect\backend\node_modules\fsevents
78 silly reify mark deleted [
78 silly reify   'E:\\Zaalima intenship project\\Project1-GigConnect\\backend\\node_modules\\fsevents'
78 silly reify ]
79 silly tarball no local data for has-tostringtag@https://registry.npmjs.org/has-tostringtag/-/has-tostringtag-1.0.2.tgz. Extracting by manifest.
80 silly tarball no local data for delayed-stream@https://registry.npmjs.org/delayed-stream/-/delayed-stream-1.0.0.tgz. Extracting by manifest.
81 silly tarball no local data for es-set-tostringtag@https://registry.npmjs.org/es-set-tostringtag/-/es-set-tostringtag-2.1.0.tgz. Extracting by manifest.
82 silly tarball no local data for combined-stream@https://registry.npmjs.org/combined-stream/-/combined-stream-1.0.8.tgz. Extracting by manifest.
83 silly tarball no local data for asynckit@https://registry.npmjs.org/asynckit/-/asynckit-0.4.0.tgz. Extracting by manifest.
84 silly tarball no local data for form-data@https://registry.npmjs.org/form-data/-/form-data-4.0.4.tgz. Extracting by manifest.
85 silly tarball no local data for proxy-from-env@https://registry.npmjs.org/proxy-from-env/-/proxy-from-env-1.1.0.tgz. Extracting by manifest.
86 silly tarball no local data for axios@https://registry.npmjs.org/axios/-/axios-1.13.2.tgz. Extracting by manifest.
87 silly tarball no local data for follow-redirects@https://registry.npmjs.org/follow-redirects/-/follow-redirects-1.15.11.tgz. Extracting by manifest.
88 silly tarball no local data for razorpay@https://registry.npmjs.org/razorpay/-/razorpay-2.9.6.tgz. Extracting by manifest.
89 http fetch GET 200 https://registry.npmjs.org/delayed-stream/-/delayed-stream-1.0.0.tgz 58ms (cache miss)
90 http fetch GET 200 https://registry.npmjs.org/es-set-tostringtag/-/es-set-tostringtag-2.1.0.tgz 67ms (cache miss)
91 http fetch GET 200 https://registry.npmjs.org/has-tostringtag/-/has-tostringtag-1.0.2.tgz 74ms (cache miss)
92 http fetch GET 200 https://registry.npmjs.org/proxy-from-env/-/proxy-from-env-1.1.0.tgz 75ms (cache miss)
93 http fetch GET 200 https://registry.npmjs.org/combined-stream/-/combined-stream-1.0.8.tgz 117ms (cache miss)
94 http fetch GET 200 https://registry.npmjs.org/follow-redirects/-/follow-redirects-1.15.11.tgz 132ms (cache miss)
95 http fetch GET 200 https://registry.npmjs.org/form-data/-/form-data-4.0.4.tgz 134ms (cache miss)
96 http fetch GET 200 https://registry.npmjs.org/asynckit/-/asynckit-0.4.0.tgz 141ms (cache miss)
97 http fetch GET 200 https://registry.npmjs.org/razorpay/-/razorpay-2.9.6.tgz 185ms (cache miss)
98 http fetch GET 200 https://registry.npmjs.org/axios/-/axios-1.13.2.tgz 236ms (cache miss)
99 http fetch POST 200 https://registry.npmjs.org/-/npm/v1/security/advisories/bulk 315ms
100 silly audit report {}
101 silly ADD node_modules/has-tostringtag
102 silly ADD node_modules/delayed-stream
103 silly ADD node_modules/es-set-tostringtag
104 silly ADD node_modules/combined-stream
105 silly ADD node_modules/asynckit
106 silly ADD node_modules/proxy-from-env
107 silly ADD node_modules/form-data
108 silly ADD node_modules/form-data/node_modules/mime-db
109 silly ADD node_modules/form-data/node_modules/mime-types
110 silly ADD node_modules/follow-redirects
111 silly ADD node_modules/axios
112 silly ADD node_modules/razorpay
113 silly ADD
114 verbose cwd E:\Zaalima intenship project\Project1-GigConnect\backend
115 verbose os Windows_NT 10.0.26100
116 verbose node v22.11.0
117 verbose npm  v10.8.3
118 verbose exit 0
119 info ok
