0 verbose cli C:\Program Files\nodejs\node.exe C:\Users\kajal\AppData\Roaming\npm\node_modules\npm\bin\npm-cli.js
1 info using npm@10.8.3
2 info using node@v22.11.0
3 silly config load:file:C:\Users\kajal\AppData\Roaming\npm\node_modules\npm\npmrc
4 silly config load:file:E:\.npmrc
5 silly config load:file:C:\Users\kajal\.npmrc
6 silly config load:file:C:\Users\kajal\AppData\Roaming\npm\etc\npmrc
7 verbose title npm i socket.io
8 verbose argv "i" "socket.io"
9 verbose logfile logs-max:10 dir:E:\Zaalima intenship project\Project1-GigConnect\path\to\another\directory\.npm-cache\_logs\2025-10-24T09_14_14_615Z-
10 verbose logfile E:\Zaalima intenship project\Project1-GigConnect\path\to\another\directory\.npm-cache\_logs\2025-10-24T09_14_14_615Z-debug-0.log
11 silly packumentCache heap:2197815296 maxSize:549453824 maxEntrySize:274726912
12 silly logfile done cleaning log files
13 verbose stack Error: EPERM: operation not permitted, mkdir 'E:\'
13 verbose stack     at async mkdir (node:internal/fs/promises:857:10)
13 verbose stack     at async Arborist.reify (C:\Users\kajal\AppData\Roaming\npm\node_modules\npm\node_modules\@npmcli\arborist\lib\arborist\reify.js:126:7)
13 verbose stack     at async Install.exec (C:\Users\kajal\AppData\Roaming\npm\node_modules\npm\lib\commands\install.js:150:5)
13 verbose stack     at async Npm.exec (C:\Users\kajal\AppData\Roaming\npm\node_modules\npm\lib\npm.js:207:9)
13 verbose stack     at async module.exports (C:\Users\kajal\AppData\Roaming\npm\node_modules\npm\lib\cli\entry.js:74:5)
14 error code EPERM
15 error syscall mkdir
16 error path E:\
17 error errno -4048
18 error Error: EPERM: operation not permitted, mkdir 'E:\'
18 error     at async mkdir (node:internal/fs/promises:857:10)
18 error     at async Arborist.reify (C:\Users\kajal\AppData\Roaming\npm\node_modules\npm\node_modules\@npmcli\arborist\lib\arborist\reify.js:126:7)
18 error     at async Install.exec (C:\Users\kajal\AppData\Roaming\npm\node_modules\npm\lib\commands\install.js:150:5)
18 error     at async Npm.exec (C:\Users\kajal\AppData\Roaming\npm\node_modules\npm\lib\npm.js:207:9)
18 error     at async module.exports (C:\Users\kajal\AppData\Roaming\npm\node_modules\npm\lib\cli\entry.js:74:5) {
18 error   errno: -4048,
18 error   code: 'EPERM',
18 error   syscall: 'mkdir',
18 error   path: 'E:\\'
18 error }
19 error
19 error The operation was rejected by your operating system.
19 error It's possible that the file was already in use (by a text editor or antivirus),
19 error or that you lack permissions to access it.
19 error
19 error If you believe this might be a permissions issue, please double-check the
19 error permissions of the file and its containing directories, or try running
19 error the command again as root/Administrator.
20 silly unfinished npm timer reify 1761297255666
21 verbose cwd E:\Zaalima intenship project\Project1-GigConnect
22 verbose os Windows_NT 10.0.26100
23 verbose node v22.11.0
24 verbose npm  v10.8.3
25 verbose exit -4048
26 verbose code -4048
27 error A complete log of this run can be found in: E:\Zaalima intenship project\Project1-GigConnect\path\to\another\directory\.npm-cache\_logs\2025-10-24T09_14_14_615Z-debug-0.log
